<?xml version="1.0" encoding="UTF-8"?>
<!-- Generated by org.testng.reporters.JUnitXMLReporter -->
<testsuite hostname="YLMF-1711181457" name="Default test" tests="4" failures="0" timestamp="16 Dec 2018 07:15:17 GMT" time="8.012" errors="0">
  <testcase name="get_order_detail_by_takingnumber" time="5.855" classname="com.mjitech.qa.test.AddSkuToCart"/>
  <testcase name="set_outbatchsku_status" time="0.035" classname="com.mjitech.qa.test.AddSkuToCart"/>
  <testcase name="upload_error" time="1.532" classname="com.mjitech.qa.test.AddSkuToCart"/>
  <testcase name="update_order_status" time="0.094" classname="com.mjitech.qa.test.AddSkuToCart"/>
</testsuite> <!-- Default test -->
