<?xml version="1.0" encoding="UTF-8"?>
<!-- Generated by org.testng.reporters.JUnitXMLReporter -->
<testsuite hostname="YLMF-1711181457" name="27 Interface" tests="7" failures="0" timestamp="26 Oct 2018 13:49:14 GMT" time="2.605" errors="0">
  <testcase name="add_sku_to_cart" time="0.108" classname="com.mjitech.qa.test.AddSkuToCart"/>
  <testcase name="submitCart" time="0.227" classname="com.mjitech.qa.test.AddSkuToCart"/>
  <testcase name="getPayUrl" time="0.084" classname="com.mjitech.qa.test.AddSkuToCart"/>
  <testcase name="wxpay_callback_test" time="0.105" classname="com.mjitech.qa.test.AddSkuToCart"/>
  <testcase name="get_order_detail" time="0.091" classname="com.mjitech.qa.test.AddSkuToCart"/>
  <testcase name="get_order_detail_by_takingnumber" time="0.191" classname="com.mjitech.qa.test.AddSkuToCart"/>
  <testcase name="update_order_status" time="0.277" classname="com.mjitech.qa.test.AddSkuToCart"/>
</testsuite> <!-- 27 Interface -->
