<?xml version="1.0" encoding="UTF-8"?>
<!-- Generated by org.testng.reporters.JUnitXMLReporter -->
<testsuite hostname="YLMF-1711181457" name="Flat Interface" tests="4" failures="0" timestamp="9 Aug 2018 05:57:36 GMT" time="0.363" errors="0">
  <testcase name="getMachineData" time="0.087" classname="com.mjitech.qa.test.GetMachineData"/>
  <testcase name="list_fault" time="0.038" classname="com.mjitech.qa.test.ListFault"/>
  <testcase name="update_close_door" time="0.026" classname="com.mjitech.qa.test.UpdateDoorClose"/>
  <testcase name="upload_image_list" time="0.205" classname="com.mjitech.qa.test.UploadImageList"/>
</testsuite> <!-- Flat Interface -->
