<?xml version="1.0" encoding="UTF-8"?>
<!-- Generated by org.testng.reporters.JUnitXMLReporter -->
<testsuite hostname="YLMF-1711181457" name="Flat Interface" tests="4" failures="0" timestamp="28 Sep 2018 11:57:23 GMT" time="0.189" errors="0">
  <testcase name="getMachineData" time="0.069" classname="com.mjitech.qa.test.GetMachineData"/>
  <testcase name="list_fault" time="0.039" classname="com.mjitech.qa.test.ListFault"/>
  <testcase name="update_close_door" time="0.031" classname="com.mjitech.qa.test.UpdateDoorClose"/>
  <testcase name="fault" time="0.04" classname="com.mjitech.qa.test.UploadImageList"/>
</testsuite> <!-- Flat Interface -->
