<?xml version="1.0" encoding="UTF-8"?>
<!-- Generated by org.testng.reporters.JUnitXMLReporter -->
<testsuite hostname="YLMF-1711181457" name="mobile-micoo prgoram-login" tests="6" failures="0" timestamp="29 Sep 2018 03:03:40 GMT" time="1.992" errors="0">
  <testcase name="VaildateLoginNameByDabao" time="0.006" classname="com.mjitech.qa.test.VaildateLoginName">
    <skipped/>
  </testcase> <!-- VaildateLoginNameByDabao -->
  <testcase name="login" time="1.742" classname="com.mjitech.qa.test.Login"/>
  <testcase name="login" time="0.062" classname="com.mjitech.qa.test.Login"/>
  <testcase name="login" time="0.044" classname="com.mjitech.qa.test.Login"/>
  <testcase name="login" time="0.051" classname="com.mjitech.qa.test.Login"/>
  <testcase name="login" time="0.046" classname="com.mjitech.qa.test.Login"/>
</testsuite> <!-- mobile-micoo prgoram-login -->
