<?xml version="1.0" encoding="UTF-8"?>
<!-- Generated by org.testng.reporters.JUnitXMLReporter -->
<testsuite hostname="YLMF-1711181457" name="mobile-micoo prgoram-login" tests="6" failures="0" timestamp="9 Aug 2018 05:57:36 GMT" time="0.588" errors="0">
  <testcase name="VaildateLoginNameByDabao" time="0.004" classname="com.mjitech.qa.test.VaildateLoginName">
    <skipped/>
  </testcase> <!-- VaildateLoginNameByDabao -->
  <testcase name="login" time="0.44" classname="com.mjitech.qa.test.Login"/>
  <testcase name="login" time="0.032" classname="com.mjitech.qa.test.Login"/>
  <testcase name="login" time="0.028" classname="com.mjitech.qa.test.Login"/>
  <testcase name="login" time="0.033" classname="com.mjitech.qa.test.Login"/>
  <testcase name="login" time="0.029" classname="com.mjitech.qa.test.Login"/>
</testsuite> <!-- mobile-micoo prgoram-login -->
