<?xml version="1.0" encoding="UTF-8"?>
<!-- Generated by org.testng.reporters.JUnitXMLReporter -->
<testsuite hostname="YLMF-1711181457" name="WeiXin Interface" tests="2" failures="1" timestamp="28 Sep 2018 11:57:24 GMT" time="0.654" errors="0">
  <testcase name="test_login_with_openid" time="0.14" classname="com.mjitech.qa.test.GetPagedMainpageData"/>
  <testcase name="get_paged_mainpage_data" time="0.508" classname="com.mjitech.qa.test.GetPagedMainpageData">
    <failure type="java.lang.AssertionError" message="expected [true] but found [false]">
      <![CDATA[java.lang.AssertionError: expected [true] but found [false]
	at com.mjitech.qa.test.GetPagedMainpageData.get_paged_mainpage_data(GetPagedMainpageData.java:61)
... Removed 29 stack frames]]>
    </failure>
  </testcase> <!-- get_paged_mainpage_data -->
</testsuite> <!-- WeiXin Interface -->
