<?xml version="1.0" encoding="UTF-8"?>
<!-- Generated by org.testng.reporters.JUnitXMLReporter -->
<testsuite hostname="YLMF-1711181457" name="WeiXin Interface" tests="2" failures="1" timestamp="26 Oct 2018 13:49:11 GMT" time="0.588" errors="0">
  <testcase name="test_login_with_openid" time="0.146" classname="com.mjitech.qa.test.GetPagedMainpageData"/>
  <testcase name="get_paged_mainpage_data" time="0.435" classname="com.mjitech.qa.test.GetPagedMainpageData">
    <failure type="java.lang.AssertionError" message="expected [true] but found [false]">
      <![CDATA[java.lang.AssertionError: expected [true] but found [false]
	at com.mjitech.qa.test.GetPagedMainpageData.get_paged_mainpage_data(GetPagedMainpageData.java:61)
... Removed 29 stack frames]]>
    </failure>
  </testcase> <!-- get_paged_mainpage_data -->
</testsuite> <!-- WeiXin Interface -->
