<?xml version="1.0" encoding="UTF-8"?>
<!-- Generated by org.testng.reporters.JUnitXMLReporter -->
<testsuite hostname="YLMF-1711181457" name="手机端-小程序-账户登录" tests="5" failures="0" timestamp="23 May 2018 08:30:06 GMT" time="2.377" errors="0">
  <testcase name="VaildateLoginNameByDabao" time="0.004" classname="com.mjitech.qa.test.TestVaildateLoginName">
    <skipped/>
  </testcase> <!-- VaildateLoginNameByDabao -->
  <testcase name="login" time="0.774" classname="com.mjitech.qa.test.Login"/>
  <testcase name="login" time="0.616" classname="com.mjitech.qa.test.Login"/>
  <testcase name="login" time="0.858" classname="com.mjitech.qa.test.Login"/>
  <testcase name="login" time="0.104" classname="com.mjitech.qa.test.Login"/>
</testsuite> <!-- 手机端-小程序-账户登录 -->
