<?xml version="1.0" encoding="UTF-8"?>
<testsuite name="mobile-micoo prgoram-login"
           tests="5"
           failures="0"
           errors="0"
           skipped="0"
           time="1.103">
  <properties />
  
  
            <testcase name="login" time="0.058" classname="com.mjitech.qa.test.Login" />
                <testcase name="login" time="0.051" classname="com.mjitech.qa.test.Login" />
                <testcase name="login" time="0.050" classname="com.mjitech.qa.test.Login" />
                <testcase name="login" time="0.261" classname="com.mjitech.qa.test.Login" />
                <testcase name="login" time="0.683" classname="com.mjitech.qa.test.Login" />
      
</testsuite>
