<?xml version="1.0" encoding="UTF-8"?>
<testng-results skipped="0" failed="0" total="1" passed="1">
  <reporter-output>
  </reporter-output>
  <suite name="Default suite" duration-ms="759" started-at="2018-11-12T09:25:39Z" finished-at="2018-11-12T09:25:40Z">
    <groups>
    </groups>
    <test name="Default test" duration-ms="759" started-at="2018-11-12T09:25:39Z" finished-at="2018-11-12T09:25:40Z">
      <class name="com.mjitech.qa.test.FlagInterface">
        <test-method status="PASS" signature="getAlowedTaskAction()[pri:0, instance:com.mjitech.qa.test.FlagInterface@6043cd28]" name="getAlowedTaskAction" duration-ms="736" started-at="2018-11-12T17:25:39Z" finished-at="2018-11-12T17:25:40Z">
          <reporter-output>
          </reporter-output>
        </test-method> <!-- getAlowedTaskAction -->
      </class> <!-- com.mjitech.qa.test.FlagInterface -->
    </test> <!-- Default test -->
  </suite> <!-- Default suite -->
</testng-results>
